<?xml version="1.0" encoding="UTF-8"?>
<testng-results ignored="0" total="1" passed="1" failed="0" skipped="0">
  <reporter-output>
  </reporter-output>
  <suite started-at="2024-03-23T15:48:55 IST" name="Suite" finished-at="2024-03-23T15:49:03 IST" duration-ms="8374">
    <groups>
    </groups>
    <test started-at="2024-03-23T15:48:55 IST" name="Test2" finished-at="2024-03-23T15:49:03 IST" duration-ms="8374">
      <class name="maven.seleniumjenkins.WebTest">
        <test-method signature="startBrowser(java.lang.String)[pri:0, instance:maven.seleniumjenkins.WebTest@48e4374]" started-at="2024-03-23T15:48:55 IST" name="startBrowser" finished-at="2024-03-23T15:49:03 IST" duration-ms="8311" status="PASS">
          <params>
            <param index="0">
              <value>
                <![CDATA[Chrome]]>
              </value>
            </param>
          </params>
          <reporter-output>
          </reporter-output>
        </test-method> <!-- startBrowser -->
      </class> <!-- maven.seleniumjenkins.WebTest -->
    </test> <!-- Test2 -->
  </suite> <!-- Suite -->
</testng-results>
